{"C:\\Users\\dell\\Desktop\\Solarex\\src\\constants.js": {"path":"C:\\Users\\dell\\Desktop\\Solarex\\src\\constants.js","statementMap":{"0":{"start":{"line":2,"column":27},"end":{"line":2,"column":29}},"1":{"start":{"line":3,"column":30},"end":{"line":3,"column":32}},"2":{"start":{"line":4,"column":25},"end":{"line":55,"column":1}}},"fnMap":{},"branchMap":{},"s":{"0":1,"1":1,"2":1},"f":{},"b":{},"_coverageSchema":"1a1c01bbd47fc00a2c39e90264f33305004495a9","hash":"42da5f4c11430f89df1b91d8ad60ebcbb8e50b24"}
,"C:\\Users\\dell\\Desktop\\Solarex\\src\\components\\Body.js": {"path":"C:\\Users\\dell\\Desktop\\Solarex\\src\\components\\Body.js","statementMap":{"0":{"start":{"line":9,"column":13},"end":{"line":122,"column":1}},"1":{"start":{"line":10,"column":38},"end":{"line":10,"column":50}},"2":{"start":{"line":11,"column":36},"end":{"line":11,"column":48}},"3":{"start":{"line":12,"column":46},"end":{"line":12,"column":58}},"4":{"start":{"line":13,"column":36},"end":{"line":13,"column":50}},"5":{"start":{"line":14,"column":38},"end":{"line":14,"column":50}},"6":{"start":{"line":16,"column":2},"end":{"line":19,"column":9}},"7":{"start":{"line":18,"column":4},"end":{"line":18,"column":16}},"8":{"start":{"line":21,"column":2},"end":{"line":23,"column":30}},"9":{"start":{"line":22,"column":4},"end":{"line":22,"column":57}},"10":{"start":{"line":26,"column":4},"end":{"line":61,"column":5}},"11":{"start":{"line":27,"column":18},"end":{"line":27,"column":36}},"12":{"start":{"line":29,"column":6},"end":{"line":31,"column":7}},"13":{"start":{"line":30,"column":8},"end":{"line":30,"column":46}},"14":{"start":{"line":33,"column":27},"end":{"line":33,"column":43}},"15":{"start":{"line":36,"column":6},"end":{"line":38,"column":7}},"16":{"start":{"line":37,"column":8},"end":{"line":37,"column":66}},"17":{"start":{"line":40,"column":19},"end":{"line":40,"column":43}},"18":{"start":{"line":43,"column":8},"end":{"line":43,"column":55}},"19":{"start":{"line":45,"column":6},"end":{"line":47,"column":7}},"20":{"start":{"line":46,"column":8},"end":{"line":46,"column":46}},"21":{"start":{"line":49,"column":6},"end":{"line":49,"column":26}},"22":{"start":{"line":50,"column":6},"end":{"line":50,"column":31}},"23":{"start":{"line":51,"column":6},"end":{"line":51,"column":27}},"24":{"start":{"line":53,"column":6},"end":{"line":53,"column":70}},"25":{"start":{"line":56,"column":6},"end":{"line":56,"column":30}},"26":{"start":{"line":57,"column":6},"end":{"line":57,"column":35}},"27":{"start":{"line":58,"column":6},"end":{"line":58,"column":32}},"28":{"start":{"line":60,"column":6},"end":{"line":60,"column":26}},"29":{"start":{"line":64,"column":18},"end":{"line":64,"column":29}},"30":{"start":{"line":65,"column":1},"end":{"line":67,"column":2}},"31":{"start":{"line":66,"column":2},"end":{"line":66,"column":53}},"32":{"start":{"line":68,"column":2},"end":{"line":70,"column":3}},"33":{"start":{"line":69,"column":4},"end":{"line":69,"column":23}},"34":{"start":{"line":72,"column":2},"end":{"line":74,"column":3}},"35":{"start":{"line":73,"column":4},"end":{"line":73,"column":48}},"36":{"start":{"line":76,"column":2},"end":{"line":121,"column":4}},"37":{"start":{"line":84,"column":27},"end":{"line":84,"column":56}},"38":{"start":{"line":89,"column":23},"end":{"line":89,"column":56}},"39":{"start":{"line":90,"column":10},"end":{"line":90,"column":34}},"40":{"start":{"line":112,"column":10},"end":{"line":117,"column":17}}},"fnMap":{"0":{"name":"(anonymous_0)","decl":{"start":{"line":9,"column":13},"end":{"line":9,"column":14}},"loc":{"start":{"line":9,"column":23},"end":{"line":122,"column":1}},"line":9},"1":{"name":"(anonymous_1)","decl":{"start":{"line":16,"column":12},"end":{"line":16,"column":13}},"loc":{"start":{"line":16,"column":18},"end":{"line":19,"column":3}},"line":16},"2":{"name":"(anonymous_2)","decl":{"start":{"line":21,"column":12},"end":{"line":21,"column":13}},"loc":{"start":{"line":21,"column":18},"end":{"line":23,"column":3}},"line":21},"3":{"name":"getSolars","decl":{"start":{"line":25,"column":17},"end":{"line":25,"column":26}},"loc":{"start":{"line":25,"column":29},"end":{"line":62,"column":3}},"line":25},"4":{"name":"(anonymous_4)","decl":{"start":{"line":84,"column":20},"end":{"line":84,"column":21}},"loc":{"start":{"line":84,"column":27},"end":{"line":84,"column":56}},"line":84},"5":{"name":"(anonymous_5)","decl":{"start":{"line":88,"column":94},"end":{"line":88,"column":95}},"loc":{"start":{"line":88,"column":98},"end":{"line":91,"column":9}},"line":88},"6":{"name":"(anonymous_6)","decl":{"start":{"line":111,"column":28},"end":{"line":111,"column":29}},"loc":{"start":{"line":112,"column":10},"end":{"line":117,"column":17}},"line":112}},"branchMap":{"0":{"loc":{"start":{"line":29,"column":6},"end":{"line":31,"column":7}},"type":"if","locations":[{"start":{"line":29,"column":6},"end":{"line":31,"column":7}},{"start":{},"end":{}}],"line":29},"1":{"loc":{"start":{"line":36,"column":6},"end":{"line":38,"column":7}},"type":"if","locations":[{"start":{"line":36,"column":6},"end":{"line":38,"column":7}},{"start":{},"end":{}}],"line":36},"2":{"loc":{"start":{"line":43,"column":8},"end":{"line":43,"column":55}},"type":"binary-expr","locations":[{"start":{"line":43,"column":8},"end":{"line":43,"column":49}},{"start":{"line":43,"column":53},"end":{"line":43,"column":55}}],"line":43},"3":{"loc":{"start":{"line":45,"column":6},"end":{"line":47,"column":7}},"type":"if","locations":[{"start":{"line":45,"column":6},"end":{"line":47,"column":7}},{"start":{},"end":{}}],"line":45},"4":{"loc":{"start":{"line":65,"column":1},"end":{"line":67,"column":2}},"type":"if","locations":[{"start":{"line":65,"column":1},"end":{"line":67,"column":2}},{"start":{},"end":{}}],"line":65},"5":{"loc":{"start":{"line":68,"column":2},"end":{"line":70,"column":3}},"type":"if","locations":[{"start":{"line":68,"column":2},"end":{"line":70,"column":3}},{"start":{},"end":{}}],"line":68},"6":{"loc":{"start":{"line":72,"column":2},"end":{"line":74,"column":3}},"type":"if","locations":[{"start":{"line":72,"column":2},"end":{"line":74,"column":3}},{"start":{},"end":{}}],"line":72},"7":{"loc":{"start":{"line":95,"column":7},"end":{"line":101,"column":7}},"type":"binary-expr","locations":[{"start":{"line":95,"column":7},"end":{"line":95,"column":17}},{"start":{"line":96,"column":8},"end":{"line":100,"column":12}}],"line":95},"8":{"loc":{"start":{"line":97,"column":11},"end":{"line":99,"column":41}},"type":"cond-expr","locations":[{"start":{"line":98,"column":14},"end":{"line":98,"column":34}},{"start":{"line":99,"column":14},"end":{"line":99,"column":41}}],"line":97},"9":{"loc":{"start":{"line":104,"column":7},"end":{"line":108,"column":7}},"type":"binary-expr","locations":[{"start":{"line":104,"column":7},"end":{"line":104,"column":32}},{"start":{"line":105,"column":8},"end":{"line":107,"column":12}}],"line":104}},"s":{"0":1,"1":3,"2":2,"3":2,"4":2,"5":2,"6":2,"7":1,"8":2,"9":1,"10":1,"11":1,"12":1,"13":0,"14":0,"15":0,"16":0,"17":0,"18":0,"19":0,"20":0,"21":0,"22":0,"23":0,"24":1,"25":1,"26":1,"27":1,"28":1,"29":2,"30":2,"31":0,"32":2,"33":2,"34":0,"35":0,"36":0,"37":0,"38":0,"39":0,"40":0},"f":{"0":3,"1":1,"2":1,"3":1,"4":0,"5":0,"6":0},"b":{"0":[0,0],"1":[0,0],"2":[0,0],"3":[0,0],"4":[0,2],"5":[2,0],"6":[0,0],"7":[0,0],"8":[0,0],"9":[0,0]},"_coverageSchema":"1a1c01bbd47fc00a2c39e90264f33305004495a9","hash":"d1bb45c7f2c625dd0e939fd45b65babe34000469"}
,"C:\\Users\\dell\\Desktop\\Solarex\\src\\components\\Header.js": {"path":"C:\\Users\\dell\\Desktop\\Solarex\\src\\components\\Header.js","statementMap":{"0":{"start":{"line":7,"column":14},"end":{"line":16,"column":1}},"1":{"start":{"line":8,"column":2},"end":{"line":15,"column":9}},"2":{"start":{"line":18,"column":15},"end":{"line":54,"column":1}},"3":{"start":{"line":19,"column":38},"end":{"line":19,"column":53}},"4":{"start":{"line":20,"column":19},"end":{"line":20,"column":30}},"5":{"start":{"line":21,"column":19},"end":{"line":21,"column":42}},"6":{"start":{"line":22,"column":20},"end":{"line":22,"column":58}},"7":{"start":{"line":22,"column":41},"end":{"line":22,"column":57}},"8":{"start":{"line":23,"column":2},"end":{"line":53,"column":4}},"9":{"start":{"line":45,"column":27},"end":{"line":45,"column":47}},"10":{"start":{"line":47,"column":33},"end":{"line":47,"column":52}}},"fnMap":{"0":{"name":"(anonymous_0)","decl":{"start":{"line":7,"column":14},"end":{"line":7,"column":15}},"loc":{"start":{"line":8,"column":2},"end":{"line":15,"column":9}},"line":8},"1":{"name":"(anonymous_1)","decl":{"start":{"line":18,"column":15},"end":{"line":18,"column":16}},"loc":{"start":{"line":18,"column":21},"end":{"line":54,"column":1}},"line":18},"2":{"name":"(anonymous_2)","decl":{"start":{"line":22,"column":32},"end":{"line":22,"column":33}},"loc":{"start":{"line":22,"column":41},"end":{"line":22,"column":57}},"line":22},"3":{"name":"(anonymous_3)","decl":{"start":{"line":45,"column":21},"end":{"line":45,"column":22}},"loc":{"start":{"line":45,"column":27},"end":{"line":45,"column":47}},"line":45},"4":{"name":"(anonymous_4)","decl":{"start":{"line":47,"column":27},"end":{"line":47,"column":28}},"loc":{"start":{"line":47,"column":33},"end":{"line":47,"column":52}},"line":47}},"branchMap":{"0":{"loc":{"start":{"line":34,"column":21},"end":{"line":34,"column":58}},"type":"cond-expr","locations":[{"start":{"line":34,"column":32},"end":{"line":34,"column":43}},{"start":{"line":34,"column":46},"end":{"line":34,"column":58}}],"line":34},"1":{"loc":{"start":{"line":38,"column":39},"end":{"line":38,"column":69}},"type":"cond-expr","locations":[{"start":{"line":38,"column":50},"end":{"line":38,"column":59}},{"start":{"line":38,"column":62},"end":{"line":38,"column":69}}],"line":38},"2":{"loc":{"start":{"line":41,"column":8},"end":{"line":49,"column":9}},"type":"cond-expr","locations":[{"start":{"line":42,"column":10},"end":{"line":45,"column":64}},{"start":{"line":47,"column":10},"end":{"line":47,"column":68}}],"line":41}},"s":{"0":1,"1":2,"2":1,"3":2,"4":2,"5":2,"6":2,"7":4,"8":2,"9":0,"10":0},"f":{"0":2,"1":2,"2":4,"3":0,"4":0},"b":{"0":[2,0],"1":[2,0],"2":[0,2]},"_coverageSchema":"1a1c01bbd47fc00a2c39e90264f33305004495a9","hash":"dadc1d15257951d34627c3c72e2476dec33de7d8"}
,"C:\\Users\\dell\\Desktop\\Solarex\\src\\components\\Shimmer.js": {"path":"C:\\Users\\dell\\Desktop\\Solarex\\src\\components\\Shimmer.js","statementMap":{"0":{"start":{"line":2,"column":16},"end":{"line":10,"column":1}},"1":{"start":{"line":3,"column":2},"end":{"line":9,"column":4}},"2":{"start":{"line":6,"column":8},"end":{"line":6,"column":56}}},"fnMap":{"0":{"name":"(anonymous_0)","decl":{"start":{"line":2,"column":16},"end":{"line":2,"column":17}},"loc":{"start":{"line":2,"column":22},"end":{"line":10,"column":1}},"line":2},"1":{"name":"(anonymous_1)","decl":{"start":{"line":5,"column":30},"end":{"line":5,"column":31}},"loc":{"start":{"line":6,"column":8},"end":{"line":6,"column":56}},"line":6}},"branchMap":{},"s":{"0":1,"1":2,"2":20},"f":{"0":2,"1":20},"b":{},"_coverageSchema":"1a1c01bbd47fc00a2c39e90264f33305004495a9","hash":"ac14568333ef9854c405a29a01bf80b76b9ff1ca"}
,"C:\\Users\\dell\\Desktop\\Solarex\\src\\components\\SolarCard.js": {"path":"C:\\Users\\dell\\Desktop\\Solarex\\src\\components\\SolarCard.js","statementMap":{"0":{"start":{"line":5,"column":18},"end":{"line":27,"column":1}},"1":{"start":{"line":13,"column":19},"end":{"line":13,"column":42}},"2":{"start":{"line":15,"column":2},"end":{"line":26,"column":4}}},"fnMap":{"0":{"name":"(anonymous_0)","decl":{"start":{"line":5,"column":18},"end":{"line":5,"column":19}},"loc":{"start":{"line":12,"column":6},"end":{"line":27,"column":1}},"line":12}},"branchMap":{},"s":{"0":1,"1":0,"2":0},"f":{"0":0},"b":{},"_coverageSchema":"1a1c01bbd47fc00a2c39e90264f33305004495a9","hash":"da1c779971621eab1a27d756fd8f01158dd8b582"}
,"C:\\Users\\dell\\Desktop\\Solarex\\src\\components\\sum.js": {"path":"C:\\Users\\dell\\Desktop\\Solarex\\src\\components\\sum.js","statementMap":{"0":{"start":{"line":2,"column":2},"end":{"line":2,"column":15}}},"fnMap":{"0":{"name":"sum","decl":{"start":{"line":1,"column":9},"end":{"line":1,"column":12}},"loc":{"start":{"line":1,"column":19},"end":{"line":3,"column":1}},"line":1}},"branchMap":{},"s":{"0":1},"f":{"0":1},"b":{},"_coverageSchema":"1a1c01bbd47fc00a2c39e90264f33305004495a9","hash":"387a17e1767a184a1ac2dcf34613eb7a34aa9b9b"}
,"C:\\Users\\dell\\Desktop\\Solarex\\src\\utils\\UserContext.js": {"path":"C:\\Users\\dell\\Desktop\\Solarex\\src\\utils\\UserContext.js","statementMap":{"0":{"start":{"line":3,"column":20},"end":{"line":8,"column":2}}},"fnMap":{},"branchMap":{},"s":{"0":2},"f":{},"b":{},"_coverageSchema":"1a1c01bbd47fc00a2c39e90264f33305004495a9","hash":"29656e056874aa20061a9fa582acffd63f7bd4ad"}
,"C:\\Users\\dell\\Desktop\\Solarex\\src\\utils\\cartSlices.js": {"path":"C:\\Users\\dell\\Desktop\\Solarex\\src\\utils\\cartSlices.js","statementMap":{"0":{"start":{"line":3,"column":18},"end":{"line":21,"column":2}},"1":{"start":{"line":10,"column":12},"end":{"line":10,"column":45}},"2":{"start":{"line":13,"column":12},"end":{"line":15,"column":14}},"3":{"start":{"line":14,"column":24},"end":{"line":14,"column":47}},"4":{"start":{"line":18,"column":12},"end":{"line":18,"column":29}},"5":{"start":{"line":23,"column":50},"end":{"line":23,"column":67}}},"fnMap":{"0":{"name":"(anonymous_0)","decl":{"start":{"line":9,"column":17},"end":{"line":9,"column":18}},"loc":{"start":{"line":9,"column":36},"end":{"line":11,"column":9}},"line":9},"1":{"name":"(anonymous_1)","decl":{"start":{"line":12,"column":20},"end":{"line":12,"column":21}},"loc":{"start":{"line":12,"column":39},"end":{"line":16,"column":9}},"line":12},"2":{"name":"(anonymous_2)","decl":{"start":{"line":14,"column":16},"end":{"line":14,"column":17}},"loc":{"start":{"line":14,"column":24},"end":{"line":14,"column":47}},"line":14},"3":{"name":"(anonymous_3)","decl":{"start":{"line":17,"column":19},"end":{"line":17,"column":20}},"loc":{"start":{"line":17,"column":30},"end":{"line":19,"column":9}},"line":17}},"branchMap":{},"s":{"0":2,"1":0,"2":0,"3":0,"4":0,"5":2},"f":{"0":0,"1":0,"2":0,"3":0},"b":{},"_coverageSchema":"1a1c01bbd47fc00a2c39e90264f33305004495a9","hash":"44f14123d95f5a6003fefd0644ed49eece5ca1d4"}
,"C:\\Users\\dell\\Desktop\\Solarex\\src\\utils\\helper.js": {"path":"C:\\Users\\dell\\Desktop\\Solarex\\src\\utils\\helper.js","statementMap":{"0":{"start":{"line":3,"column":2},"end":{"line":7,"column":4}},"1":{"start":{"line":4,"column":4},"end":{"line":6,"column":41}}},"fnMap":{"0":{"name":"filterData","decl":{"start":{"line":2,"column":16},"end":{"line":2,"column":26}},"loc":{"start":{"line":2,"column":47},"end":{"line":9,"column":1}},"line":2},"1":{"name":"(anonymous_1)","decl":{"start":{"line":3,"column":23},"end":{"line":3,"column":24}},"loc":{"start":{"line":4,"column":4},"end":{"line":6,"column":41}},"line":4}},"branchMap":{},"s":{"0":1,"1":0},"f":{"0":1,"1":0},"b":{},"_coverageSchema":"1a1c01bbd47fc00a2c39e90264f33305004495a9","hash":"7d8241f90e598e7e38e390a49a37d4a187142905"}
,"C:\\Users\\dell\\Desktop\\Solarex\\src\\utils\\store.js": {"path":"C:\\Users\\dell\\Desktop\\Solarex\\src\\utils\\store.js","statementMap":{"0":{"start":{"line":4,"column":14},"end":{"line":8,"column":2}}},"fnMap":{},"branchMap":{},"s":{"0":2},"f":{},"b":{},"_coverageSchema":"1a1c01bbd47fc00a2c39e90264f33305004495a9","hash":"5e6fde55ce3bbf57af38acd16d3427ad3b02763f"}
,"C:\\Users\\dell\\Desktop\\Solarex\\src\\utils\\useOnline.js": {"path":"C:\\Users\\dell\\Desktop\\Solarex\\src\\utils\\useOnline.js","statementMap":{"0":{"start":{"line":2,"column":17},"end":{"line":19,"column":1}},"1":{"start":{"line":3,"column":35},"end":{"line":3,"column":49}},"2":{"start":{"line":4,"column":4},"end":{"line":16,"column":11}},"3":{"start":{"line":6,"column":28},"end":{"line":8,"column":9}},"4":{"start":{"line":7,"column":11},"end":{"line":7,"column":29}},"5":{"start":{"line":9,"column":30},"end":{"line":11,"column":9}},"6":{"start":{"line":10,"column":11},"end":{"line":10,"column":30}},"7":{"start":{"line":12,"column":4},"end":{"line":15,"column":5}},"8":{"start":{"line":13,"column":1},"end":{"line":13,"column":49}},"9":{"start":{"line":14,"column":3},"end":{"line":14,"column":53}},"10":{"start":{"line":18,"column":4},"end":{"line":18,"column":20}}},"fnMap":{"0":{"name":"(anonymous_0)","decl":{"start":{"line":2,"column":17},"end":{"line":2,"column":18}},"loc":{"start":{"line":2,"column":23},"end":{"line":19,"column":1}},"line":2},"1":{"name":"(anonymous_1)","decl":{"start":{"line":4,"column":14},"end":{"line":4,"column":15}},"loc":{"start":{"line":4,"column":18},"end":{"line":16,"column":5}},"line":4},"2":{"name":"(anonymous_2)","decl":{"start":{"line":6,"column":28},"end":{"line":6,"column":29}},"loc":{"start":{"line":6,"column":33},"end":{"line":8,"column":9}},"line":6},"3":{"name":"(anonymous_3)","decl":{"start":{"line":9,"column":30},"end":{"line":9,"column":31}},"loc":{"start":{"line":9,"column":35},"end":{"line":11,"column":9}},"line":9},"4":{"name":"(anonymous_4)","decl":{"start":{"line":12,"column":11},"end":{"line":12,"column":12}},"loc":{"start":{"line":12,"column":16},"end":{"line":15,"column":5}},"line":12}},"branchMap":{},"s":{"0":2,"1":4,"2":4,"3":3,"4":0,"5":3,"6":0,"7":3,"8":3,"9":3,"10":4},"f":{"0":4,"1":3,"2":0,"3":0,"4":3},"b":{},"_coverageSchema":"1a1c01bbd47fc00a2c39e90264f33305004495a9","hash":"be9846516e362a7ba10eba4752445151411898c7"}
}
