TN:
SF:src\constants.js
FNF:0
FNH:0
DA:2,1
DA:3,1
DA:4,1
LF:3
LH:3
BRF:0
BRH:0
end_of_record
TN:
SF:src\components\Body.js
FN:9,(anonymous_0)
FN:16,(anonymous_1)
FN:21,(anonymous_2)
FN:25,getSolars
FN:84,(anonymous_4)
FN:88,(anonymous_5)
FN:111,(anonymous_6)
FNF:7
FNH:4
FNDA:3,(anonymous_0)
FNDA:1,(anonymous_1)
FNDA:1,(anonymous_2)
FNDA:1,getSolars
FNDA:0,(anonymous_4)
FNDA:0,(anonymous_5)
FNDA:0,(anonymous_6)
DA:9,1
DA:10,3
DA:11,2
DA:12,2
DA:13,2
DA:14,2
DA:16,2
DA:18,1
DA:21,2
DA:22,1
DA:26,1
DA:27,1
DA:29,1
DA:30,0
DA:33,0
DA:36,0
DA:37,0
DA:40,0
DA:43,0
DA:45,0
DA:46,0
DA:49,0
DA:50,0
DA:51,0
DA:53,1
DA:56,1
DA:57,1
DA:58,1
DA:60,1
DA:64,2
DA:65,2
DA:66,0
DA:68,2
DA:69,2
DA:72,0
DA:73,0
DA:76,0
DA:84,0
DA:89,0
DA:90,0
DA:112,0
LF:41
LH:22
BRDA:29,0,0,0
BRDA:29,0,1,0
BRDA:36,1,0,0
BRDA:36,1,1,0
BRDA:43,2,0,0
BRDA:43,2,1,0
BRDA:45,3,0,0
BRDA:45,3,1,0
BRDA:65,4,0,0
BRDA:65,4,1,2
BRDA:68,5,0,2
BRDA:68,5,1,0
BRDA:72,6,0,0
BRDA:72,6,1,0
BRDA:95,7,0,0
BRDA:95,7,1,0
BRDA:97,8,0,0
BRDA:97,8,1,0
BRDA:104,9,0,0
BRDA:104,9,1,0
BRF:20
BRH:2
end_of_record
TN:
SF:src\components\Header.js
FN:7,(anonymous_0)
FN:18,(anonymous_1)
FN:22,(anonymous_2)
FN:45,(anonymous_3)
FN:47,(anonymous_4)
FNF:5
FNH:3
FNDA:2,(anonymous_0)
FNDA:2,(anonymous_1)
FNDA:4,(anonymous_2)
FNDA:0,(anonymous_3)
FNDA:0,(anonymous_4)
DA:7,1
DA:8,2
DA:18,1
DA:19,2
DA:20,2
DA:21,2
DA:22,4
DA:23,2
DA:45,0
DA:47,0
LF:10
LH:8
BRDA:34,0,0,2
BRDA:34,0,1,0
BRDA:38,1,0,2
BRDA:38,1,1,0
BRDA:41,2,0,0
BRDA:41,2,1,2
BRF:6
BRH:3
end_of_record
TN:
SF:src\components\Shimmer.js
FN:2,(anonymous_0)
FN:5,(anonymous_1)
FNF:2
FNH:2
FNDA:2,(anonymous_0)
FNDA:20,(anonymous_1)
DA:2,1
DA:3,2
DA:6,20
LF:3
LH:3
BRF:0
BRH:0
end_of_record
TN:
SF:src\components\SolarCard.js
FN:5,(anonymous_0)
FNF:1
FNH:0
FNDA:0,(anonymous_0)
DA:5,1
DA:13,0
DA:15,0
LF:3
LH:1
BRF:0
BRH:0
end_of_record
TN:
SF:src\components\sum.js
FN:1,sum
FNF:1
FNH:1
FNDA:1,sum
DA:2,1
LF:1
LH:1
BRF:0
BRH:0
end_of_record
TN:
SF:src\utils\UserContext.js
FNF:0
FNH:0
DA:3,2
LF:1
LH:1
BRF:0
BRH:0
end_of_record
TN:
SF:src\utils\cartSlices.js
FN:9,(anonymous_0)
FN:12,(anonymous_1)
FN:14,(anonymous_2)
FN:17,(anonymous_3)
FNF:4
FNH:0
FNDA:0,(anonymous_0)
FNDA:0,(anonymous_1)
FNDA:0,(anonymous_2)
FNDA:0,(anonymous_3)
DA:3,2
DA:10,0
DA:13,0
DA:14,0
DA:18,0
DA:23,2
LF:6
LH:2
BRF:0
BRH:0
end_of_record
TN:
SF:src\utils\helper.js
FN:2,filterData
FN:3,(anonymous_1)
FNF:2
FNH:1
FNDA:1,filterData
FNDA:0,(anonymous_1)
DA:3,1
DA:4,0
LF:2
LH:1
BRF:0
BRH:0
end_of_record
TN:
SF:src\utils\store.js
FNF:0
FNH:0
DA:4,2
LF:1
LH:1
BRF:0
BRH:0
end_of_record
TN:
SF:src\utils\useOnline.js
FN:2,(anonymous_0)
FN:4,(anonymous_1)
FN:6,(anonymous_2)
FN:9,(anonymous_3)
FN:12,(anonymous_4)
FNF:5
FNH:3
FNDA:4,(anonymous_0)
FNDA:3,(anonymous_1)
FNDA:0,(anonymous_2)
FNDA:0,(anonymous_3)
FNDA:3,(anonymous_4)
DA:2,2
DA:3,4
DA:4,4
DA:6,3
DA:7,0
DA:9,3
DA:10,0
DA:12,3
DA:13,3
DA:14,3
DA:18,4
LF:11
LH:9
BRF:0
BRH:0
end_of_record
